
============== Fetching OIP County Data ==============
2020-03-26 19:59:10 [scrapy.utils.log] INFO: Scrapy 1.8.0 started (bot: oip_county)
2020-03-26 19:59:10 [scrapy.utils.log] INFO: Versions: lxml 4.4.1.0, libxml2 2.9.9, cssselect 1.1.0, parsel 1.5.2, w3lib 1.21.0, Twisted 19.7.0, Python 2.7.13 (default, Sep 26 2018, 18:42:22) - [GCC 6.3.0 20170516], pyOpenSSL 19.0.0 (OpenSSL 1.1.1d  10 Sep 2019), cryptography 2.8, Platform Linux-4.19.76-linuxkit-x86_64-with-debian-9.11
2020-03-26 19:59:10 [scrapy.crawler] INFO: Overridden settings: {'NEWSPIDER_MODULE': 'oip_county.spiders', 'FEED_URI': 'oip_county.jl', 'CONCURRENT_REQUESTS': 1, 'SPIDER_MODULES': ['oip_county.spiders'], 'BOT_NAME': 'oip_county', 'ROBOTSTXT_OBEY': True, 'FEED_FORMAT': 'json'}
2020-03-26 19:59:10 [scrapy.extensions.telnet] INFO: Telnet Password: b93682c1c299c436
2020-03-26 19:59:10 [scrapy.middleware] INFO: Enabled extensions:
['scrapy.extensions.feedexport.FeedExporter',
 'scrapy.extensions.memusage.MemoryUsage',
 'scrapy.extensions.logstats.LogStats',
 'scrapy.extensions.telnet.TelnetConsole',
 'scrapy.extensions.corestats.CoreStats']
2020-03-26 19:59:10 [scrapy.middleware] INFO: Enabled downloader middlewares:
['scrapy.downloadermiddlewares.robotstxt.RobotsTxtMiddleware',
 'scrapy.downloadermiddlewares.httpauth.HttpAuthMiddleware',
 'scrapy.downloadermiddlewares.downloadtimeout.DownloadTimeoutMiddleware',
 'scrapy.downloadermiddlewares.defaultheaders.DefaultHeadersMiddleware',
 'scrapy.downloadermiddlewares.useragent.UserAgentMiddleware',
 'scrapy.downloadermiddlewares.retry.RetryMiddleware',
 'scrapy.downloadermiddlewares.redirect.MetaRefreshMiddleware',
 'scrapy.downloadermiddlewares.httpcompression.HttpCompressionMiddleware',
 'scrapy.downloadermiddlewares.redirect.RedirectMiddleware',
 'scrapy.downloadermiddlewares.cookies.CookiesMiddleware',
 'scrapy.downloadermiddlewares.httpproxy.HttpProxyMiddleware',
 'scrapy.downloadermiddlewares.stats.DownloaderStats']
2020-03-26 19:59:10 [scrapy.middleware] INFO: Enabled spider middlewares:
['scrapy.spidermiddlewares.httperror.HttpErrorMiddleware',
 'scrapy.spidermiddlewares.offsite.OffsiteMiddleware',
 'scrapy.spidermiddlewares.referer.RefererMiddleware',
 'scrapy.spidermiddlewares.urllength.UrlLengthMiddleware',
 'scrapy.spidermiddlewares.depth.DepthMiddleware']
2020-03-26 19:59:11 [scrapy.middleware] INFO: Enabled item pipelines:
['oip_county.pipelines.OipCountyPipeline']
2020-03-26 19:59:11 [scrapy.core.engine] INFO: Spider opened
2020-03-26 19:59:11 [scrapy.extensions.logstats] INFO: Crawled 0 pages (at 0 pages/min), scraped 0 items (at 0 items/min)
2020-03-26 19:59:11 [scrapy.extensions.telnet] INFO: Telnet console listening on 127.0.0.1:6023
2020-03-26 19:59:11 [scrapy.core.engine] DEBUG: Crawled (200) <GET https://offices.usda.gov/robots.txt> (referer: None)
2020-03-26 19:59:11 [scrapy.core.engine] DEBUG: Crawled (200) <GET https://offices.usda.gov/locator/eForms?form=6&st=01&cnty=001&agency=fsa,nrcs> (referer: None)
2020-03-26 19:59:11 [scrapy.core.scraper] DEBUG: Scraped from <200 https://offices.usda.gov/locator/eForms?form=6&st=01&cnty=001&agency=fsa,nrcs>
{'agcy_ofc_type_nm': [u'Farm Service Agency'], 'org_unit_poc_nm': [u'Joshua Headley'], 'site_id': [u'2092'], 'ref_st': '01', 'org_unit_id': [u'60001'], 'cnty_cd': [u'001'], 'org_unit_poc_phn_extn': [u'2'], 'str_city_nm': [u'AUTAUGAVILLE'], 'county_url': 'https://offices.usda.gov/locator/eForms?form=6&st=01&cnty=001&agency=fsa,nrcs', 'org_unit_phn_nbr': [u'3343655532'], 'org_unit_poc_phn_nbr': [u'3343655532'], 'str_dlvy_adr': [u'2226 HIGHWAY 14 W'], 'str_st_abr': [u'AL'], 'ref_cnty': '001', 'site_phn_ext': [u'3'], 'agcy_abr': [u'FSA'], 'cnty_nm': [u'AUTAUGA'], 'site_phn_nbr': [u'3343655532'], 'site_nm': [u'AUTAUGAVILLE SERVICE CENTER'], 'org_unit_fax_nbr': [u'8557783082'], 'org_unit_name': [u'AUTAUGA COUNTY FARM SERVICE AGENCY'], 'org_unit_poc_email_adr': [u'Joshua.Headley@al.usda.gov'], 'st_cd': [u'01'], 'org_unit_poc_fax_nbr': [u'8557783082'], 'site_fax_nbr': [u'8557783082'], 'str_zip_cd': [u'36003-2540'], 'org_unit_phn_extn': [u'2']}
2020-03-26 19:59:11 [scrapy.core.engine] DEBUG: Crawled (200) <GET https://offices.usda.gov/locator/eForms?form=6&st=01&cnty=003&agency=fsa,nrcs> (referer: None)
2020-03-26 19:59:11 [scrapy.core.scraper] DEBUG: Scraped from <200 https://offices.usda.gov/locator/eForms?form=6&st=01&cnty=001&agency=fsa,nrcs>
{'agcy_ofc_type_nm': [u'Natural Resources Conservation Service'], 'org_unit_poc_nm': [u'Alex Johnson'], 'site_id': [u'2092'], 'ref_st': '01', 'org_unit_id': [u'60003'], 'cnty_cd': [u'001'], 'org_unit_poc_phn_extn': [u'2404'], 'str_city_nm': [u'AUTAUGAVILLE'], 'county_url': 'https://offices.usda.gov/locator/eForms?form=6&st=01&cnty=001&agency=fsa,nrcs', 'org_unit_phn_nbr': [u''], 'org_unit_poc_phn_nbr': [u'3343655532'], 'str_dlvy_adr': [u'2226 HIGHWAY 14 W'], 'str_st_abr': [u'AL'], 'ref_cnty': '001', 'site_phn_ext': [u'3'], 'agcy_abr': [u'NRCS'], 'cnty_nm': [u'AUTAUGA'], 'site_phn_nbr': [u'3343655532'], 'site_nm': [u'AUTAUGAVILLE SERVICE CENTER'], 'org_unit_fax_nbr': [u'8552921672'], 'org_unit_name': [u'AUTAUGAVILLE SERVICE CENTER'], 'org_unit_poc_email_adr': [u'alex.johnson@usda.gov'], 'st_cd': [u'01'], 'org_unit_poc_fax_nbr': [u'8552921672'], 'site_fax_nbr': [u'8557783082'], 'str_zip_cd': [u'36003-2540'], 'org_unit_phn_extn': [u'']}
2020-03-26 19:59:12 [scrapy.core.engine] DEBUG: Crawled (200) <GET https://offices.usda.gov/locator/eForms?form=6&st=01&cnty=005&agency=fsa,nrcs> (referer: None)
2020-03-26 19:59:12 [scrapy.core.scraper] DEBUG: Scraped from <200 https://offices.usda.gov/locator/eForms?form=6&st=01&cnty=003&agency=fsa,nrcs>
{'agcy_ofc_type_nm': [u'Farm Service Agency'], 'org_unit_poc_nm': [u'Maureen Aaron'], 'site_id': [u'8267'], 'ref_st': '01', 'org_unit_id': [u'60004'], 'cnty_cd': [u'003'], 'org_unit_poc_phn_extn': [u'2'], 'str_city_nm': [u'BAY MINETTE'], 'county_url': 'https://offices.usda.gov/locator/eForms?form=6&st=01&cnty=003&agency=fsa,nrcs', 'org_unit_phn_nbr': [u'2519377196'], 'org_unit_poc_phn_nbr': [u'2519377196'], 'str_dlvy_adr': [u'207 FAULKNER DR'], 'str_st_abr': [u'AL'], 'ref_cnty': '003', 'site_phn_ext': [u'4'], 'agcy_abr': [u'FSA'], 'cnty_nm': [u'BALDWIN'], 'site_phn_nbr': [u'2519373297'], 'site_nm': [u'BAY MINETTE SERVICE CENTER'], 'org_unit_fax_nbr': [u'8557783083'], 'org_unit_name': [u'BALDWIN COUNTY FARM SERVICE AGENCY'], 'org_unit_poc_email_adr': [u'Maureen.Aaron@al.usda.gov'], 'st_cd': [u'01'], 'org_unit_poc_fax_nbr': [u'8557783083'], 'site_fax_nbr': [u'8557783083'], 'str_zip_cd': [u'36507'], 'org_unit_phn_extn': [u'2']}
2020-03-26 19:59:12 [scrapy.core.scraper] DEBUG: Scraped from <200 https://offices.usda.gov/locator/eForms?form=6&st=01&cnty=003&agency=fsa,nrcs>
{'agcy_ofc_type_nm': [u'Natural Resources Conservation Service'], 'org_unit_poc_nm': [u'JOEY KOPTIS'], 'site_id': [u'8267'], 'ref_st': '01', 'org_unit_id': [u'60006'], 'cnty_cd': [u'003'], 'org_unit_poc_phn_extn': [u'104'], 'str_city_nm': [u'BAY MINETTE'], 'county_url': 'https://offices.usda.gov/locator/eForms?form=6&st=01&cnty=003&agency=fsa,nrcs', 'org_unit_phn_nbr': [u'2519373297'], 'org_unit_poc_phn_nbr': [u'2519373297'], 'str_dlvy_adr': [u'207 FAULKNER DR'], 'str_st_abr': [u'AL'], 'ref_cnty': '003', 'site_phn_ext': [u'4'], 'agcy_abr': [u'NRCS'], 'cnty_nm': [u'BALDWIN'], 'site_phn_nbr': [u'2519373297'], 'site_nm': [u'BAY MINETTE SERVICE CENTER'], 'org_unit_fax_nbr': [u'8552921673'], 'org_unit_name': [u'BAY MINETTE SERVICE CENTER'], 'org_unit_poc_email_adr': [u'joey.koptis@usda.gov'], 'st_cd': [u'01'], 'org_unit_poc_fax_nbr': [u'8552921673'], 'site_fax_nbr': [u'8557783083'], 'str_zip_cd': [u'36507'], 'org_unit_phn_extn': [u'102']}
2020-03-26 19:59:12 [scrapy.core.scraper] DEBUG: Scraped from <200 https://offices.usda.gov/locator/eForms?form=6&st=01&cnty=005&agency=fsa,nrcs>
{'agcy_ofc_type_nm': [u'Farm Service Agency'], 'org_unit_poc_nm': [u'David Carpenter'], 'site_id': [u'5086'], 'ref_st': '01', 'org_unit_id': [u'100418'], 'cnty_cd': [u'005'], 'org_unit_poc_phn_extn': [u'2'], 'str_city_nm': [u'CLAYTON'], 'county_url': 'https://offices.usda.gov/locator/eForms?form=6&st=01&cnty=005&agency=fsa,nrcs', 'org_unit_phn_nbr': [u'3347753266'], 'org_unit_poc_phn_nbr': [u'3347753266'], 'str_dlvy_adr': [u'16 NERN ST'], 'str_st_abr': [u'AL'], 'ref_cnty': '005', 'site_phn_ext': [u''], 'agcy_abr': [u'FSA'], 'cnty_nm': [u'BARBOUR'], 'site_phn_nbr': [u'3347753266'], 'site_nm': [u'CLAYTON SERVICE CENTER'], 'org_unit_fax_nbr': [u'8557783087'], 'org_unit_name': [u'BARBOUR COUNTY FARM SERVICE AGENCY'], 'org_unit_poc_email_adr': [u'David.Carpenter@al.usda.gov'], 'st_cd': [u'01'], 'org_unit_poc_fax_nbr': [u'8557783087'], 'site_fax_nbr': [u'8557783087'], 'str_zip_cd': [u'36016-5108'], 'org_unit_phn_extn': [u'2']}
2020-03-26 19:59:12 [scrapy.core.scraper] DEBUG: Scraped from <200 https://offices.usda.gov/locator/eForms?form=6&st=01&cnty=005&agency=fsa,nrcs>
{'agcy_ofc_type_nm': [u'Natural Resources Conservation Service'], 'org_unit_poc_nm': [u'John Curtis'], 'site_id': [u'5086'], 'ref_st': '01', 'org_unit_id': [u'100419'], 'cnty_cd': [u'005'], 'org_unit_poc_phn_extn': [u'106'], 'str_city_nm': [u'CLAYTON'], 'county_url': 'https://offices.usda.gov/locator/eForms?form=6&st=01&cnty=005&agency=fsa,nrcs', 'org_unit_phn_nbr': [u'3347753266'], 'org_unit_poc_phn_nbr': [u'3347753266'], 'str_dlvy_adr': [u'16 NERN ST'], 'str_st_abr': [u'AL'], 'ref_cnty': '005', 'site_phn_ext': [u''], 'agcy_abr': [u'NRCS'], 'cnty_nm': [u'BARBOUR'], 'site_phn_nbr': [u'3347753266'], 'site_nm': [u'CLAYTON SERVICE CENTER'], 'org_unit_fax_nbr': [u'8557470598'], 'org_unit_name': [u'CLAYTON SERVICE CENTER'], 'org_unit_poc_email_adr': [u'john.curtis@usda.gov'], 'st_cd': [u'01'], 'org_unit_poc_fax_nbr': [u'8557470598'], 'site_fax_nbr': [u'8557783087'], 'str_zip_cd': [u'36016-5108'], 'org_unit_phn_extn': [u'101']}
2020-03-26 19:59:12 [scrapy.core.engine] DEBUG: Crawled (200) <GET https://offices.usda.gov/locator/eForms?form=6&st=01&cnty=007&agency=fsa,nrcs> (referer: None)
2020-03-26 19:59:12 [scrapy.core.engine] DEBUG: Crawled (200) <GET https://offices.usda.gov/locator/eForms?form=6&st=01&cnty=009&agency=fsa,nrcs> (referer: None)
2020-03-26 19:59:12 [scrapy.core.scraper] DEBUG: Scraped from <200 https://offices.usda.gov/locator/eForms?form=6&st=01&cnty=007&agency=fsa,nrcs>
{'agcy_ofc_type_nm': [u'Natural Resources Conservation Service'], 'org_unit_poc_nm': [u'Sutton Gibbs'], 'site_id': [u'1978'], 'ref_st': '01', 'org_unit_id': [u'60078'], 'cnty_cd': [u'065'], 'org_unit_poc_phn_extn': [u'109'], 'str_city_nm': [u'GREENSBORO'], 'county_url': 'https://offices.usda.gov/locator/eForms?form=6&st=01&cnty=007&agency=fsa,nrcs', 'org_unit_phn_nbr': [u'3346243856'], 'org_unit_poc_phn_nbr': [u'3346243856'], 'str_dlvy_adr': [u'200 1ST ST'], 'str_st_abr': [u'AL'], 'ref_cnty': '007', 'site_phn_ext': [u''], 'agcy_abr': [u'NRCS'], 'cnty_nm': [u'HALE'], 'site_phn_nbr': [u'3346243856'], 'site_nm': [u'GREENSBORO SERVICE CENTER'], 'org_unit_fax_nbr': [u'8552921673'], 'org_unit_name': [u'GREENSBORO SERVICE CENTER'], 'org_unit_poc_email_adr': [u'sutton.gibbs@usda.gov'], 'st_cd': [u'01'], 'org_unit_poc_fax_nbr': [u'8552921673'], 'site_fax_nbr': [u'8557899085'], 'str_zip_cd': [u'36744-2306'], 'org_unit_phn_extn': [u'101']}
2020-03-26 19:59:12 [scrapy.core.scraper] DEBUG: Scraped from <200 https://offices.usda.gov/locator/eForms?form=6&st=01&cnty=007&agency=fsa,nrcs>
{'agcy_ofc_type_nm': [u'Farm Service Agency'], 'org_unit_poc_nm': [u'Perry Woodruff'], 'site_id': [u'9383'], 'ref_st': '01', 'org_unit_id': [u'60133'], 'cnty_cd': [u'105'], 'org_unit_poc_phn_extn': [u'2'], 'str_city_nm': [u'MARION'], 'county_url': 'https://offices.usda.gov/locator/eForms?form=6&st=01&cnty=007&agency=fsa,nrcs', 'org_unit_phn_nbr': [u'3346839017'], 'org_unit_poc_phn_nbr': [u'3346839017'], 'str_dlvy_adr': [u'204 FIKES FERRY RD'], 'str_st_abr': [u'AL'], 'ref_cnty': '007', 'site_phn_ext': [u''], 'agcy_abr': [u'FSA'], 'cnty_nm': [u'PERRY'], 'site_phn_nbr': [u'3346839017'], 'site_nm': [u'MARION SERVICE CENTER'], 'org_unit_fax_nbr': [u'8558041981'], 'org_unit_name': [u'PERRY COUNTY FARM SERVICE AGENCY'], 'org_unit_poc_email_adr': [u'Perry.Woodruff@usda.gov'], 'st_cd': [u'01'], 'org_unit_poc_fax_nbr': [u'8558041981'], 'site_fax_nbr': [u'8558041981'], 'str_zip_cd': [u'36756'], 'org_unit_phn_extn': [u'2']}
2020-03-26 19:59:12 [scrapy.core.scraper] DEBUG: Scraped from <200 https://offices.usda.gov/locator/eForms?form=6&st=01&cnty=007&agency=fsa,nrcs>
{'agcy_ofc_type_nm': [u'Natural Resources Conservation Service'], 'org_unit_poc_nm': [u'Sutton Gibbs'], 'site_id': [u'9383'], 'ref_st': '01', 'org_unit_id': [u'60135'], 'cnty_cd': [u'105'], 'org_unit_poc_phn_extn': [u'110'], 'str_city_nm': [u'MARION'], 'county_url': 'https://offices.usda.gov/locator/eForms?form=6&st=01&cnty=007&agency=fsa,nrcs', 'org_unit_phn_nbr': [u'3346839017'], 'org_unit_poc_phn_nbr': [u'3346839017'], 'str_dlvy_adr': [u'204 FIKES FERRY RD'], 'str_st_abr': [u'AL'], 'ref_cnty': '007', 'site_phn_ext': [u''], 'agcy_abr': [u'NRCS'], 'cnty_nm': [u'PERRY'], 'site_phn_nbr': [u'3346839017'], 'site_nm': [u'MARION SERVICE CENTER'], 'org_unit_fax_nbr': [u'8552921673'], 'org_unit_name': [u'MARION SERVICE CENTER'], 'org_unit_poc_email_adr': [u'sutton.gibbs@usda.gov'], 'st_cd': [u'01'], 'org_unit_poc_fax_nbr': [u'8552921673'], 'site_fax_nbr': [u'8558041981'], 'str_zip_cd': [u'36756'], 'org_unit_phn_extn': [u'101']}
2020-03-26 19:59:12 [scrapy.core.engine] DEBUG: Crawled (200) <GET https://offices.usda.gov/locator/eForms?form=6&st=01&cnty=011&agency=fsa,nrcs> (referer: None)
2020-03-26 19:59:12 [scrapy.core.scraper] DEBUG: Scraped from <200 https://offices.usda.gov/locator/eForms?form=6&st=01&cnty=009&agency=fsa,nrcs>
{'agcy_ofc_type_nm': [u'Farm Service Agency'], 'org_unit_poc_nm': [u'Gina Harrris'], 'site_id': [u'9056'], 'ref_st': '01', 'org_unit_id': [u'60010'], 'cnty_cd': [u'009'], 'org_unit_poc_phn_extn': [u'2'], 'str_city_nm': [u'ONEONTA'], 'county_url': 'https://offices.usda.gov/locator/eForms?form=6&st=01&cnty=009&agency=fsa,nrcs', 'org_unit_phn_nbr': [u'2052742361'], 'org_unit_poc_phn_nbr': [u'2052742361'], 'str_dlvy_adr': [u'55545 US HWY 231 N'], 'str_st_abr': [u'AL'], 'ref_cnty': '009', 'site_phn_ext': [u''], 'agcy_abr': [u'FSA'], 'cnty_nm': [u'BLOUNT'], 'site_phn_nbr': [u'2052742363'], 'site_nm': [u'ONEONTA SERVICE CENTER'], 'org_unit_fax_nbr': [u'8558041986'], 'org_unit_name': [u'BLOUNT COUNTY FARM SERVICE AGENCY'], 'org_unit_poc_email_adr': [u'Gina.Harris@al.usda.gov'], 'st_cd': [u'01'], 'org_unit_poc_fax_nbr': [u'8558041986'], 'site_fax_nbr': [u'8558041986'], 'str_zip_cd': [u'35121'], 'org_unit_phn_extn': [u'2']}
2020-03-26 19:59:12 [scrapy.core.scraper] DEBUG: Scraped from <200 https://offices.usda.gov/locator/eForms?form=6&st=01&cnty=009&agency=fsa,nrcs>
{'agcy_ofc_type_nm': [u'Natural Resources Conservation Service'], 'org_unit_poc_nm': [u'Merry B. Gaines'], 'site_id': [u'9056'], 'ref_st': '01', 'org_unit_id': [u'60012'], 'cnty_cd': [u'009'], 'org_unit_poc_phn_extn': [u'102'], 'str_city_nm': [u'ONEONTA'], 'county_url': 'https://offices.usda.gov/locator/eForms?form=6&st=01&cnty=009&agency=fsa,nrcs', 'org_unit_phn_nbr': [u'2052742363'], 'org_unit_poc_phn_nbr': [u'2052742363'], 'str_dlvy_adr': [u'55545 US HWY 231 N'], 'str_st_abr': [u'AL'], 'ref_cnty': '009', 'site_phn_ext': [u''], 'agcy_abr': [u'NRCS'], 'cnty_nm': [u'BLOUNT'], 'site_phn_nbr': [u'2052742363'], 'site_nm': [u'ONEONTA SERVICE CENTER'], 'org_unit_fax_nbr': [u'8774506833'], 'org_unit_name': [u'ONEONTA SERVICE CENTER'], 'org_unit_poc_email_adr': [u'merry.gaines@usda.gov'], 'st_cd': [u'01'], 'org_unit_poc_fax_nbr': [u'8774506833'], 'site_fax_nbr': [u'8558041986'], 'str_zip_cd': [u'35121'], 'org_unit_phn_extn': [u'101']}
2020-03-26 19:59:12 [scrapy.core.scraper] DEBUG: Scraped from <200 https://offices.usda.gov/locator/eForms?form=6&st=01&cnty=009&agency=fsa,nrcs>
{'agcy_ofc_type_nm': [u'Natural Resources Conservation Service'], 'org_unit_poc_nm': [u'Merry Gaines'], 'site_id': [u'9305'], 'ref_st': '01', 'org_unit_id': [u'60045'], 'cnty_cd': [u'043'], 'org_unit_poc_phn_extn': [u'108'], 'str_city_nm': [u'CULLMAN'], 'county_url': 'https://offices.usda.gov/locator/eForms?form=6&st=01&cnty=009&agency=fsa,nrcs', 'org_unit_phn_nbr': [u'2567346471'], 'org_unit_poc_phn_nbr': [u'2567346471'], 'str_dlvy_adr': [u'501 4TH ST SW'], 'str_st_abr': [u'AL'], 'ref_cnty': '009', 'site_phn_ext': [u'2'], 'agcy_abr': [u'NRCS'], 'cnty_nm': [u'CULLMAN'], 'site_phn_nbr': [u'2567346471'], 'site_nm': [u'CULLMAN SERVICE CENTER'], 'org_unit_fax_nbr': [u'8774506833'], 'org_unit_name': [u'CULLMAN SERVICE CENTER'], 'org_unit_poc_email_adr': [u'merry.gaines@usda.gov'], 'st_cd': [u'01'], 'org_unit_poc_fax_nbr': [u'8774506833'], 'site_fax_nbr': [u'8557783088'], 'str_zip_cd': [u'35055'], 'org_unit_phn_extn': [u'112']}
2020-03-26 19:59:12 [scrapy.core.engine] DEBUG: Crawled (200) <GET https://offices.usda.gov/locator/eForms?form=6&st=01&cnty=013&agency=fsa,nrcs> (referer: None)
2020-03-26 19:59:12 [scrapy.core.scraper] DEBUG: Scraped from <200 https://offices.usda.gov/locator/eForms?form=6&st=01&cnty=011&agency=fsa,nrcs>
{'agcy_ofc_type_nm': [u'Farm Service Agency'], 'org_unit_poc_nm': [u'Carol Nicholson'], 'site_id': [u'1666'], 'ref_st': '01', 'org_unit_id': [u'60139'], 'cnty_cd': [u'109'], 'org_unit_poc_phn_extn': [u'2'], 'str_city_nm': [u'TROY'], 'county_url': 'https://offices.usda.gov/locator/eForms?form=6&st=01&cnty=011&agency=fsa,nrcs', 'org_unit_phn_nbr': [u'3345662301'], 'org_unit_poc_phn_nbr': [u'3345662301'], 'str_dlvy_adr': [u'22 HENDERSON HWY'], 'str_st_abr': [u'AL'], 'ref_cnty': '011', 'site_phn_ext': [u''], 'agcy_abr': [u'FSA'], 'cnty_nm': [u'PIKE'], 'site_phn_nbr': [u'3345662301'], 'site_nm': [u'TROY SERVICE CENTER'], 'org_unit_fax_nbr': [u'8558407757'], 'org_unit_name': [u'PIKE COUNTY FARM SERVICE AGENCY'], 'org_unit_poc_email_adr': [u'Carol.Nicholson@al.usda.gov'], 'st_cd': [u'01'], 'org_unit_poc_fax_nbr': [u'8558407757'], 'site_fax_nbr': [u'8558407757'], 'str_zip_cd': [u'36079-9275'], 'org_unit_phn_extn': [u'2']}
2020-03-26 19:59:12 [scrapy.core.scraper] DEBUG: Scraped from <200 https://offices.usda.gov/locator/eForms?form=6&st=01&cnty=011&agency=fsa,nrcs>
{'agcy_ofc_type_nm': [u'Natural Resources Conservation Service'], 'org_unit_poc_nm': [u'Joey Davis'], 'site_id': [u'1666'], 'ref_st': '01', 'org_unit_id': [u'60141'], 'cnty_cd': [u'109'], 'org_unit_poc_phn_extn': [u'5109'], 'str_city_nm': [u'TROY'], 'county_url': 'https://offices.usda.gov/locator/eForms?form=6&st=01&cnty=011&agency=fsa,nrcs', 'org_unit_phn_nbr': [u'3345662301'], 'org_unit_poc_phn_nbr': [u'3345662300'], 'str_dlvy_adr': [u'22 HENDERSON HWY'], 'str_st_abr': [u'AL'], 'ref_cnty': '011', 'site_phn_ext': [u''], 'agcy_abr': [u'NRCS'], 'cnty_nm': [u'PIKE'], 'site_phn_nbr': [u'3345662301'], 'site_nm': [u'TROY SERVICE CENTER'], 'org_unit_fax_nbr': [u'8557470598'], 'org_unit_name': [u'TROY SERVICE CENTER'], 'org_unit_poc_email_adr': [u'joey.davis@usda.gov'], 'st_cd': [u'01'], 'org_unit_poc_fax_nbr': [u'8557470598'], 'site_fax_nbr': [u'8558407757'], 'str_zip_cd': [u'36079-9275'], 'org_unit_phn_extn': [u'101']}
2020-03-26 19:59:12 [scrapy.crawler] INFO: Received SIGINT, shutting down gracefully. Send again to force 
2020-03-26 19:59:12 [scrapy.core.engine] INFO: Closing spider (shutdown)
2020-03-26 19:59:12 [scrapy.core.engine] DEBUG: Crawled (200) <GET https://offices.usda.gov/locator/eForms?form=6&st=01&cnty=015&agency=fsa,nrcs> (referer: None)
2020-03-26 19:59:12 [scrapy.core.scraper] DEBUG: Scraped from <200 https://offices.usda.gov/locator/eForms?form=6&st=01&cnty=013&agency=fsa,nrcs>
{'agcy_ofc_type_nm': [u'Farm Service Agency'], 'org_unit_poc_nm': [u'Olivia McCray'], 'site_id': [u'2099'], 'ref_st': '01', 'org_unit_id': [u'60013'], 'cnty_cd': [u'013'], 'org_unit_poc_phn_extn': [u'2'], 'str_city_nm': [u'GREENVILLE'], 'county_url': 'https://offices.usda.gov/locator/eForms?form=6&st=01&cnty=013&agency=fsa,nrcs', 'org_unit_phn_nbr': [u'3343823151'], 'org_unit_poc_phn_nbr': [u'3343823151'], 'str_dlvy_adr': [u'320 GREENVILLE BYP'], 'str_st_abr': [u'AL'], 'ref_cnty': '013', 'site_phn_ext': [u''], 'agcy_abr': [u'FSA'], 'cnty_nm': [u'BUTLER'], 'site_phn_nbr': [u'3343828538'], 'site_nm': [u'GREENVILLE SERVICE CENTER'], 'org_unit_fax_nbr': [u'8557899086'], 'org_unit_name': [u'BUTLER COUNTY FARM SERVICE AGENCY'], 'org_unit_poc_email_adr': [u'Olivia.McCray@al.usda.gov'], 'st_cd': [u'01'], 'org_unit_poc_fax_nbr': [u'8557899086'], 'site_fax_nbr': [u'8557899086'], 'str_zip_cd': [u'36037-3727'], 'org_unit_phn_extn': [u'2']}
2020-03-26 19:59:12 [scrapy.core.scraper] DEBUG: Scraped from <200 https://offices.usda.gov/locator/eForms?form=6&st=01&cnty=013&agency=fsa,nrcs>
{'agcy_ofc_type_nm': [u'Natural Resources Conservation Service'], 'org_unit_poc_nm': [u'vacant'], 'site_id': [u'2099'], 'ref_st': '01', 'org_unit_id': [u'60015'], 'cnty_cd': [u'013'], 'org_unit_poc_phn_extn': [u'3365'], 'str_city_nm': [u'GREENVILLE'], 'county_url': 'https://offices.usda.gov/locator/eForms?form=6&st=01&cnty=013&agency=fsa,nrcs', 'org_unit_phn_nbr': [u'3343828538'], 'org_unit_poc_phn_nbr': [u'3343828538'], 'str_dlvy_adr': [u'320 GREENVILLE BYP'], 'str_st_abr': [u'AL'], 'ref_cnty': '013', 'site_phn_ext': [u''], 'agcy_abr': [u'NRCS'], 'cnty_nm': [u'BUTLER'], 'site_phn_nbr': [u'3343828538'], 'site_nm': [u'GREENVILLE SERVICE CENTER'], 'org_unit_fax_nbr': [u'8557470598'], 'org_unit_name': [u'GREENVILLE SERVICE CENTER'], 'org_unit_poc_email_adr': [u'@usda.gov'], 'st_cd': [u'01'], 'org_unit_poc_fax_nbr': [u'8557470598'], 'site_fax_nbr': [u'8557899086'], 'str_zip_cd': [u'36037-3727'], 'org_unit_phn_extn': [u'3365']}
2020-03-26 19:59:12 [scrapy.core.scraper] DEBUG: Scraped from <200 https://offices.usda.gov/locator/eForms?form=6&st=01&cnty=015&agency=fsa,nrcs>
{'agcy_ofc_type_nm': [u'Farm Service Agency'], 'org_unit_poc_nm': [u'Bill Browning'], 'site_id': [u'2101'], 'ref_st': '01', 'org_unit_id': [u'60016'], 'cnty_cd': [u'015'], 'org_unit_poc_phn_extn': [u'2'], 'str_city_nm': [u'ANNISTON'], 'county_url': 'https://offices.usda.gov/locator/eForms?form=6&st=01&cnty=015&agency=fsa,nrcs', 'org_unit_phn_nbr': [u'2568357821'], 'org_unit_poc_phn_nbr': [u'2568357821'], 'str_dlvy_adr': [u'1413 HILLYER ROBINSON INDUSTRIAL PKWY'], 'str_st_abr': [u'AL'], 'ref_cnty': '015', 'site_phn_ext': [u''], 'agcy_abr': [u'FSA'], 'cnty_nm': [u'CALHOUN'], 'site_phn_nbr': [u'2568350512'], 'site_nm': [u'ANNISTON SERVICE CENTER'], 'org_unit_fax_nbr': [u'8557470603'], 'org_unit_name': [u'CALHOUN COUNTY FARM SERVICE AGENCY'], 'org_unit_poc_email_adr': [u'william.browning@al.usda.gov'], 'st_cd': [u'01'], 'org_unit_poc_fax_nbr': [u'8557470603'], 'site_fax_nbr': [u'8557470603'], 'str_zip_cd': [u'36207'], 'org_unit_phn_extn': [u'2']}
2020-03-26 19:59:12 [scrapy.core.scraper] DEBUG: Scraped from <200 https://offices.usda.gov/locator/eForms?form=6&st=01&cnty=015&agency=fsa,nrcs>
{'agcy_ofc_type_nm': [u'Natural Resources Conservation Service'], 'org_unit_poc_nm': [u'Jody Burdette'], 'site_id': [u'2101'], 'ref_st': '01', 'org_unit_id': [u'60018'], 'cnty_cd': [u'015'], 'org_unit_poc_phn_extn': [u'104'], 'str_city_nm': [u'ANNISTON'], 'county_url': 'https://offices.usda.gov/locator/eForms?form=6&st=01&cnty=015&agency=fsa,nrcs', 'org_unit_phn_nbr': [u'2568350512'], 'org_unit_poc_phn_nbr': [u'2568350512'], 'str_dlvy_adr': [u'1413 HILLYER ROBINSON INDUSTRIAL PKWY'], 'str_st_abr': [u'AL'], 'ref_cnty': '015', 'site_phn_ext': [u''], 'agcy_abr': [u'NRCS'], 'cnty_nm': [u'CALHOUN'], 'site_phn_nbr': [u'2568350512'], 'site_nm': [u'ANNISTON SERVICE CENTER'], 'org_unit_fax_nbr': [u'8552921672'], 'org_unit_name': [u'ANNISTON SERVICE CENTER'], 'org_unit_poc_email_adr': [u'jody.burdette@usda.gov'], 'st_cd': [u'01'], 'org_unit_poc_fax_nbr': [u'8552921672'], 'site_fax_nbr': [u'8557470603'], 'str_zip_cd': [u'36207'], 'org_unit_phn_extn': [u'100']}
2020-03-26 19:59:12 [scrapy.extensions.feedexport] INFO: Stored json feed (18 items) in: oip_county.jl
2020-03-26 19:59:12 [scrapy.statscollectors] INFO: Dumping Scrapy stats:
{'downloader/request_bytes': 2732,
 'downloader/request_count': 9,
 'downloader/request_method_count/GET': 9,
 'downloader/response_bytes': 16380,
 'downloader/response_count': 9,
 'downloader/response_status_count/200': 9,
 'elapsed_time_seconds': 1.287277,
 'finish_reason': 'shutdown',
 'finish_time': datetime.datetime(2020, 3, 26, 19, 59, 12, 601548),
 'item_scraped_count': 18,
 'log_count/DEBUG': 27,
 'log_count/INFO': 12,
 'memusage/max': 53305344,
 'memusage/startup': 53305344,
 'response_received_count': 9,
 'robotstxt/request_count': 1,
 'robotstxt/response_count': 1,
 'robotstxt/response_status_count/200': 1,
 'scheduler/dequeued': 8,
 'scheduler/dequeued/memory': 8,
 'scheduler/enqueued': 8,
 'scheduler/enqueued/memory': 8,
 'start_time': datetime.datetime(2020, 3, 26, 19, 59, 11, 314271)}
2020-03-26 19:59:12 [scrapy.core.engine] INFO: Spider closed (shutdown)

============== Fetching OIP County Data ==============

============== Fetching OIP County Data ==============
